<?xml version="1.0" encoding="UTF-8"?>
<testng-results ignored="0" total="1" passed="1" failed="0" skipped="0">
  <reporter-output>
  </reporter-output>
  <suite started-at="2024-02-08T12:09:29 IST" name="Default suite" finished-at="2024-02-08T12:09:57 IST" duration-ms="28149">
    <groups>
    </groups>
    <test started-at="2024-02-08T12:09:29 IST" name="Default test" finished-at="2024-02-08T12:09:57 IST" duration-ms="28149">
      <class name="Login">
        <test-method signature="login()[pri:0, instance:Login@498d318c]" started-at="2024-02-08T12:09:29 IST" name="login" finished-at="2024-02-08T12:09:57 IST" duration-ms="28068" status="PASS">
          <reporter-output>
          </reporter-output>
        </test-method> <!-- login -->
      </class> <!-- Login -->
    </test> <!-- Default test -->
  </suite> <!-- Default suite -->
</testng-results>
